2026-06-19T05:57:04.268072+07:00  START trigger=manual dry_run=True
2026-06-19T05:57:21.294753+07:00  DONE status=dry-run matched=0 fixed=0 qa=True build=True
2026-06-19T06:02:40.799968+07:00  START trigger=manual dry_run=False
2026-06-19T06:02:58.069631+07:00  DONE status=ok matched=0 fixed=0 qa=True build=True
2026-06-19T06:03:30.831648+07:00  START trigger=manual dry_run=False
2026-06-19T06:03:48.577712+07:00  DONE status=ok matched=0 fixed=0 qa=True build=True
2026-06-19T06:18:32.116049+07:00  START trigger=manual dry_run=False
2026-06-19T06:18:49.401734+07:00  DONE status=qa-failed matched=0 fixed=0 qa=False build=True
2026-06-19T06:22:34.061057+07:00  START trigger=manual dry_run=False
2026-06-19T06:22:51.529015+07:00  DONE status=ok matched=0 fixed=0 qa=True build=True
2026-06-19T06:23:06.461950+07:00  START trigger=manual dry_run=False
2026-06-19T06:23:24.527251+07:00  DONE status=ok matched=0 fixed=0 qa=True build=True
2026-06-19T06:23:42.689260+07:00  START trigger=manual dry_run=True
2026-06-19T06:24:00.408998+07:00  DONE status=dry-run matched=0 fixed=0 qa=True build=True
2026-06-19T06:31:05.248598+07:00  START trigger=manual dry_run=False
2026-06-19T06:31:24.066560+07:00  DONE status=ok matched=0 fixed=0 qa=True build=True
2026-06-19T06:57:27.953152+07:00  START trigger=schedule dry_run=False
2026-06-19T06:59:38.663207+07:00  DONE status=ok matched=0 fixed=0 qa=True build=True
2026-06-27T16:14:53.093904+07:00  START trigger=schedule dry_run=False
2026-06-27T16:18:22.528899+07:00  DONE status=ok matched=1 fixed=0 qa=True build=True
2026-06-28T17:09:02.517360+07:00  START trigger=schedule dry_run=False
2026-06-28T17:12:25.668440+07:00  DONE status=ok matched=1 fixed=0 qa=True build=True
2026-06-29T21:37:37.455528+07:00  START trigger=schedule dry_run=False
2026-06-29T21:41:25.953121+07:00  DONE status=ok matched=2 fixed=0 qa=True build=True
2026-06-30T17:44:54.106455+07:00  START trigger=schedule dry_run=False
2026-06-30T17:49:19.075848+07:00  DONE status=ok matched=2 fixed=0 qa=True build=True
2026-07-01T17:58:44.631117+07:00  START trigger=schedule dry_run=False
2026-07-01T18:08:24.287835+07:00  DONE status=ok matched=2 fixed=0 qa=True build=True
